# JRE version: OpenJDK Runtime Environment (21.0.6) (build 21.0.6+-13368085-b895.109)
# Java VM: OpenJDK 64-Bit Server VM (21.0.6+-13368085-b895.109, mixed mode, tiered, compressed oops, compressed class ptrs, g1 gc, windows-amd64)
GC Precious Log:
 CardTable entry size: 512
 Card Set container configuration: InlinePtr #cards 5 size 8 Array Of Cards #cards 12 size 40 Howl #buckets 4 coarsen threshold 1843 Howl Bitmap #cards 512 size 80 coarsen threshold 460 Card regions per heap region 1 cards per card region 2048
 CPUs: 4 total, 4 available
 Memory: 7996M
 Large Page Support: Disabled
 NUMA Support: Disabled
 Compressed Oops: Enabled (32-bit)
 Heap Region Size: 1M
 Heap Min Capacity: 8M
 Heap Initial Capacity: 126M
 Heap Max Capacity: 2G
 Pre-touch: Disabled
 Parallel Workers: 4
 Concurrent Workers: 1
 Concurrent Refinement Workers: 4
 Periodic GC: Disabled
Heap:
 garbage-first heap   total 505856K, used 184957K [0x0000000080000000, 0x0000000100000000)
  region size 1024K, 3 young (3072K), 3 survivors (3072K)
 Metaspace       used 165067K, committed 169152K, reserved 1245184K
  class space    used 20552K, committed 22336K, reserved 1048576K
GC Heap History (20 events):
Event: 8805.344 GC heap after
{Heap after GC invocations=114 (full 0):
 garbage-first heap   total 475136K, used 176091K [0x0000000080000000, 0x0000000100000000)
  region size 1024K, 3 young (3072K), 3 survivors (3072K)
 Metaspace       used 165600K, committed 169280K, reserved 1245184K
  class space    used 20558K, committed 22336K, reserved 1048576K
}
Event: 8808.110 GC heap before
{Heap before GC invocations=115 (full 0):
 garbage-first heap   total 475136K, used 215003K [0x0000000080000000, 0x0000000100000000)
  region size 1024K, 36 young (36864K), 3 survivors (3072K)
 Metaspace       used 164256K, committed 169088K, reserved 1245184K
  class space    used 20443K, committed 22336K, reserved 1048576K
}
Event: 8808.196 GC heap after
{Heap after GC invocations=116 (full 0):
 garbage-first heap   total 475136K, used 179088K [0x0000000080000000, 0x0000000100000000)
  region size 1024K, 5 young (5120K), 5 survivors (5120K)
 Metaspace       used 164256K, committed 169088K, reserved 1245184K
  class space    used 20443K, committed 22336K, reserved 1048576K
}
Event: 8809.766 GC heap before
{Heap before GC invocations=116 (full 0):
 garbage-first heap   total 475136K, used 196496K [0x0000000080000000, 0x0000000100000000)
  region size 1024K, 23 young (23552K), 5 survivors (5120K)
 Metaspace       used 164406K, committed 169088K, reserved 1245184K
  class space    used 20457K, committed 22336K, reserved 1048576K
}
Event: 8809.780 GC heap after
{Heap after GC invocations=117 (full 0):
 garbage-first heap   total 475136K, used 175755K [0x0000000080000000, 0x0000000100000000)
  region size 1024K, 2 young (2048K), 2 survivors (2048K)
 Metaspace       used 164406K, committed 169088K, reserved 1245184K
  class space    used 20457K, committed 22336K, reserved 1048576K
}
Event: 8815.066 GC heap before
{Heap before GC invocations=117 (full 0):
 garbage-first heap   total 475136K, used 196235K [0x0000000080000000, 0x0000000100000000)
  region size 1024K, 23 young (23552K), 2 survivors (2048K)
 Metaspace       used 164750K, committed 169152K, reserved 1245184K
  class space    used 20519K, committed 22336K, reserved 1048576K
}
Event: 8815.075 GC heap after
{Heap after GC invocations=118 (full 0):
 garbage-first heap   total 475136K, used 172382K [0x0000000080000000, 0x0000000100000000)
  region size 1024K, 3 young (3072K), 3 survivors (3072K)
 Metaspace       used 164750K, committed 169152K, reserved 1245184K
  class space    used 20519K, committed 22336K, reserved 1048576K
}
Event: 8991.765 GC heap before
{Heap before GC invocations=118 (full 0):
 garbage-first heap   total 475136K, used 194910K [0x0000000080000000, 0x0000000100000000)
  region size 1024K, 25 young (25600K), 3 survivors (3072K)
 Metaspace       used 164944K, committed 169152K, reserved 1245184K
  class space    used 20550K, committed 22336K, reserved 1048576K
}
Event: 8991.893 GC heap after
{Heap after GC invocations=119 (full 0):
 garbage-first heap   total 475136K, used 168219K [0x0000000080000000, 0x0000000100000000)
  region size 1024K, 3 young (3072K), 3 survivors (3072K)
 Metaspace       used 164944K, committed 169152K, reserved 1245184K
  class space    used 20550K, committed 22336K, reserved 1048576K
}
Event: 8993.676 GC heap before
{Heap before GC invocations=119 (full 0):
 garbage-first heap   total 475136K, used 189723K [0x0000000080000000, 0x0000000100000000)
  region size 1024K, 25 young (25600K), 3 survivors (3072K)
 Metaspace       used 164956K, committed 169152K, reserved 1245184K
  class space    used 20550K, committed 22336K, reserved 1048576K
}
Event: 8993.716 GC heap after
{Heap after GC invocations=120 (full 0):
 garbage-first heap   total 475136K, used 161234K [0x0000000080000000, 0x0000000100000000)
  region size 1024K, 4 young (4096K), 4 survivors (4096K)
 Metaspace       used 164956K, committed 169152K, reserved 1245184K
  class space    used 20550K, committed 22336K, reserved 1048576K
}
Event: 8995.368 GC heap before
{Heap before GC invocations=120 (full 0):
 garbage-first heap   total 475136K, used 183762K [0x0000000080000000, 0x0000000100000000)
  region size 1024K, 27 young (27648K), 4 survivors (4096K)
 Metaspace       used 165009K, committed 169152K, reserved 1245184K
  class space    used 20552K, committed 22336K, reserved 1048576K
}
Event: 8995.421 GC heap after
{Heap after GC invocations=121 (full 0):
 garbage-first heap   total 475136K, used 160412K [0x0000000080000000, 0x0000000100000000)
  region size 1024K, 4 young (4096K), 4 survivors (4096K)
 Metaspace       used 165009K, committed 169152K, reserved 1245184K
  class space    used 20552K, committed 22336K, reserved 1048576K
}
Event: 8995.976 GC heap before
{Heap before GC invocations=121 (full 0):
 garbage-first heap   total 475136K, used 188060K [0x0000000080000000, 0x0000000100000000)
  region size 1024K, 30 young (30720K), 4 survivors (4096K)
 Metaspace       used 165014K, committed 169152K, reserved 1245184K
  class space    used 20552K, committed 22336K, reserved 1048576K
}
Event: 8996.085 GC heap after
{Heap after GC invocations=122 (full 0):
 garbage-first heap   total 475136K, used 171995K [0x0000000080000000, 0x0000000100000000)
  region size 1024K, 4 young (4096K), 4 survivors (4096K)
 Metaspace       used 165014K, committed 169152K, reserved 1245184K
  class space    used 20552K, committed 22336K, reserved 1048576K
}
Event: 8996.347 GC heap before
{Heap before GC invocations=122 (full 0):
 garbage-first heap   total 475136K, used 191451K [0x0000000080000000, 0x0000000100000000)
  region size 1024K, 23 young (23552K), 4 survivors (4096K)
 Metaspace       used 165016K, committed 169152K, reserved 1245184K
  class space    used 20552K, committed 22336K, reserved 1048576K
}
Event: 8996.418 GC heap after
{Heap after GC invocations=123 (full 0):
 garbage-first heap   total 475136K, used 177115K [0x0000000080000000, 0x0000000100000000)
  region size 1024K, 3 young (3072K), 3 survivors (3072K)
 Metaspace       used 165016K, committed 169152K, reserved 1245184K
  class space    used 20552K, committed 22336K, reserved 1048576K
}
Event: 8997.766 GC heap before
{Heap before GC invocations=123 (full 0):
 garbage-first heap   total 475136K, used 211931K [0x0000000080000000, 0x0000000100000000)
  region size 1024K, 23 young (23552K), 3 survivors (3072K)
 Metaspace       used 165062K, committed 169152K, reserved 1245184K
  class space    used 20552K, committed 22336K, reserved 1048576K
}
Event: 8997.820 GC heap after
{Heap after GC invocations=124 (full 0):
 garbage-first heap   total 475136K, used 180175K [0x0000000080000000, 0x0000000100000000)
  region size 1024K, 3 young (3072K), 3 survivors (3072K)
 Metaspace       used 165062K, committed 169152K, reserved 1245184K
  class space    used 20552K, committed 22336K, reserved 1048576K
}
Event: 9001.089 GC heap before
{Heap before GC invocations=124 (full 0):
 garbage-first heap   total 475136K, used 200655K [0x0000000080000000, 0x0000000100000000)
  region size 1024K, 24 young (24576K), 3 survivors (3072K)
 Metaspace       used 165067K, committed 169152K, reserved 1245184K
  class space    used 20552K, committed 22336K, reserved 1048576K
}

